                                 Started job on |	Apr 22 20:51:30
                             Started mapping on |	Apr 22 20:51:51
                                    Finished on |	Apr 22 20:55:41
       Mapping speed, Million of reads per hour |	82.54

                          Number of input reads |	5273118
                      Average input read length |	73
                                    UNIQUE READS:
                   Uniquely mapped reads number |	4434183
                        Uniquely mapped reads % |	84.09%
                          Average mapped length |	73.61
                       Number of splices: Total |	493423
            Number of splices: Annotated (sjdb) |	488836
                       Number of splices: GT/AG |	488616
                       Number of splices: GC/AG |	3658
                       Number of splices: AT/AC |	150
               Number of splices: Non-canonical |	999
                      Mismatch rate per base, % |	0.65%
                         Deletion rate per base |	0.00%
                        Deletion average length |	1.51
                        Insertion rate per base |	0.00%
                       Insertion average length |	1.42
                             MULTI-MAPPING READS:
        Number of reads mapped to multiple loci |	290525
             % of reads mapped to multiple loci |	5.51%
        Number of reads mapped to too many loci |	296198
             % of reads mapped to too many loci |	5.62%
                                  UNMAPPED READS:
  Number of reads unmapped: too many mismatches |	0
       % of reads unmapped: too many mismatches |	0.00%
            Number of reads unmapped: too short |	243553
                 % of reads unmapped: too short |	4.62%
                Number of reads unmapped: other |	8659
                     % of reads unmapped: other |	0.16%
                                  CHIMERIC READS:
                       Number of chimeric reads |	0
                            % of chimeric reads |	0.00%
